<?xml version="1.0" encoding="UTF-8"?>
<testng-results skipped="1" failed="0" total="1" passed="0">
  <reporter-output>
  </reporter-output>
  <suite name="Default suite" duration-ms="16230" started-at="2020-06-22T17:02:14Z" finished-at="2020-06-22T17:02:30Z">
    <groups>
    </groups>
    <test name="Default test" duration-ms="16230" started-at="2020-06-22T17:02:14Z" finished-at="2020-06-22T17:02:30Z">
      <class name="com.actitime.testscript.CustomerTest">
        <test-method status="PASS" signature="openBrowser()[pri:0, instance:com.actitime.testscript.CustomerTest@51565ec2]" name="openBrowser" is-config="true" duration-ms="15341" started-at="2020-06-22T22:32:14Z" finished-at="2020-06-22T22:32:29Z">
          <reporter-output>
          </reporter-output>
        </test-method> <!-- openBrowser -->
        <test-method status="FAIL" signature="login()[pri:0, instance:com.actitime.testscript.CustomerTest@51565ec2]" name="login" is-config="true" duration-ms="0" started-at="2020-06-22T22:32:29Z" finished-at="2020-06-22T22:32:29Z">
          <exception class="java.io.FileNotFoundException">
            <message>
              <![CDATA[D:\workspace\Actitime\data\CommonData.property (The system cannot find the path specified)]]>
            </message>
            <full-stacktrace>
              <![CDATA[java.io.FileNotFoundException: D:\workspace\Actitime\data\CommonData.property (The system cannot find the path specified)
	at java.io.FileInputStream.open0(Native Method)
	at java.io.FileInputStream.open(Unknown Source)
	at java.io.FileInputStream.<init>(Unknown Source)
	at java.io.FileInputStream.<init>(Unknown Source)
	at com.actitime.generics.FileLib.getpropertyvalue(FileLib.java:24)
	at com.actitime.generics.BaseClass.login(BaseClass.java:34)
	at sun.reflect.NativeMethodAccessorImpl.invoke0(Native Method)
	at sun.reflect.NativeMethodAccessorImpl.invoke(Unknown Source)
	at sun.reflect.DelegatingMethodAccessorImpl.invoke(Unknown Source)
	at java.lang.reflect.Method.invoke(Unknown Source)
	at org.testng.internal.MethodInvocationHelper.invokeMethod(MethodInvocationHelper.java:86)
	at org.testng.internal.Invoker.invokeConfigurationMethod(Invoker.java:515)
	at org.testng.internal.Invoker.invokeConfigurations(Invoker.java:216)
	at org.testng.internal.Invoker.invokeMethod(Invoker.java:590)
	at org.testng.internal.Invoker.invokeTestMethod(Invoker.java:823)
	at org.testng.internal.Invoker.invokeTestMethods(Invoker.java:1131)
	at org.testng.internal.TestMethodWorker.invokeTestMethods(TestMethodWorker.java:129)
	at org.testng.internal.TestMethodWorker.run(TestMethodWorker.java:112)
	at org.testng.TestRunner.privateRun(TestRunner.java:778)
	at org.testng.TestRunner.run(TestRunner.java:632)
	at org.testng.SuiteRunner.runTest(SuiteRunner.java:366)
	at org.testng.SuiteRunner.runSequentially(SuiteRunner.java:361)
	at org.testng.SuiteRunner.privateRun(SuiteRunner.java:319)
	at org.testng.SuiteRunner.run(SuiteRunner.java:268)
	at org.testng.SuiteRunnerWorker.runSuite(SuiteRunnerWorker.java:52)
	at org.testng.SuiteRunnerWorker.run(SuiteRunnerWorker.java:86)
	at org.testng.TestNG.runSuitesSequentially(TestNG.java:1225)
	at org.testng.TestNG.runSuitesLocally(TestNG.java:1150)
	at org.testng.TestNG.runSuites(TestNG.java:1075)
	at org.testng.TestNG.run(TestNG.java:1047)
	at org.testng.remote.AbstractRemoteTestNG.run(AbstractRemoteTestNG.java:126)
	at org.testng.remote.RemoteTestNG.initAndRun(RemoteTestNG.java:137)
	at org.testng.remote.RemoteTestNG.main(RemoteTestNG.java:58)
]]>
            </full-stacktrace>
          </exception> <!-- java.io.FileNotFoundException -->
          <reporter-output>
          </reporter-output>
        </test-method> <!-- login -->
        <test-method status="SKIP" signature="testCreateCustomer()[pri:0, instance:com.actitime.testscript.CustomerTest@51565ec2]" name="testCreateCustomer" duration-ms="6" started-at="2020-06-22T22:32:30Z" finished-at="2020-06-22T22:32:30Z">
          <reporter-output>
          </reporter-output>
        </test-method> <!-- testCreateCustomer -->
        <test-method status="SKIP" signature="logout()[pri:0, instance:com.actitime.testscript.CustomerTest@51565ec2]" name="logout" is-config="true" duration-ms="0" started-at="2020-06-22T22:32:30Z" finished-at="2020-06-22T22:32:30Z">
          <reporter-output>
          </reporter-output>
        </test-method> <!-- logout -->
        <test-method status="SKIP" signature="closeBrowser()[pri:0, instance:com.actitime.testscript.CustomerTest@51565ec2]" name="closeBrowser" is-config="true" duration-ms="0" started-at="2020-06-22T22:32:30Z" finished-at="2020-06-22T22:32:30Z">
          <reporter-output>
          </reporter-output>
        </test-method> <!-- closeBrowser -->
      </class> <!-- com.actitime.testscript.CustomerTest -->
    </test> <!-- Default test -->
  </suite> <!-- Default suite -->
</testng-results>
